{"name": "test_authorization_missing_fields", "status": "failed", "statusDetails": {"message": "AssertionError: assert 504 == 400\n +  where 504 = <Response [504]>.status_code", "trace": "self = <tests.test_authorization_courier.TestAuthorizationCourier object at 0x0000012922DD3410>\n\n    @allure.description('Авторизация курьера без обязательных полей')\n    def test_authorization_missing_fields(self):\n        login, password, first_name = register_new_courier_and_return_login_password()\n        payloads = [\n            {\"password\": password},\n            {\"login\": login},\n            {}\n        ]\n        for payload in payloads:\n            response = requests.post(f'{Urls().url_main_page}api/v1/courier/login', json=payload)\n>           assert response.status_code == 400\nE           assert 504 == 400\nE            +  where 504 = <Response [504]>.status_code\n\ntests\\test_authorization_courier.py:28: AssertionError"}, "description": "Авторизация курьера без обязательных полей", "start": 1721071352265, "stop": 1721071412681, "uuid": "3e0feaf2-2212-4042-a84c-41d6f183b6fb", "historyId": "9ad084e0af0b5a20017d01c2e6030624", "testCaseId": "9ad084e0af0b5a20017d01c2e6030624", "fullName": "tests.test_authorization_courier.TestAuthorizationCourier#test_authorization_missing_fields", "labels": [{"name": "parentSuite", "value": "tests"}, {"name": "suite", "value": "test_authorization_courier"}, {"name": "subSuite", "value": "TestAuthorizationCourier"}, {"name": "host", "value": "WIN-KOBPQ3MGC7O"}, {"name": "thread", "value": "7928-MainThread"}, {"name": "framework", "value": "pytest"}, {"name": "language", "value": "cpython3"}, {"name": "package", "value": "tests.test_authorization_courier"}]}